<?xml version="1.0" encoding="UTF-8"?>
<!-- Generated by org.testng.reporters.JUnitReportReporter -->
<testsuite hostname="MobilityCoes-iMac.local" failures="0" tests="1" name="com.dev.build.BuildDev" time="0.008" errors="0" timestamp="2019-12-19T19:18:22 IST" skipped="0">
  <testcase classname="com.dev.build.BuildDev" name="demo" time="0.008"/>
</testsuite> <!-- com.dev.build.BuildDev -->
